{"uid":"4d7b144feeb87602","name":"Hidden dropdown handling","fullName":"HiddenDropdownHandling.spec.js#Hidden dropdown handling","historyId":"217cbd0e416bdaabd95c223a08814a4e:5bd835b0d6b1d4ada3b9f0db936e82c8","time":{"start":1721146432322,"stop":1721146432326,"duration":4},"status":"skipped","flaky":false,"newFailed":false,"newBroken":false,"newPassed":false,"retriesCount":22,"retriesStatusChange":true,"beforeStages":[],"afterStages":[],"labels":[{"name":"language","value":"JavaScript"},{"name":"framework","value":"Playwright"},{"name":"titlePath","value":" > chromium > HiddenDropdownHandling.spec.js"},{"name":"host","value":"RamExaqode"},{"name":"thread","value":"RamExaqode-14900-playwright-worker--1"},{"name":"parentSuite","value":"chromium"},{"name":"suite","value":"HiddenDropdownHandling.spec.js"},{"name":"resultFormat","value":"allure2"}],"parameters":[{"name":"Project","value":"chromium"}],"links":[],"hidden":false,"retry":false,"extra":{"severity":"normal","retries":[{"uid":"a9c55a6467cc3780","status":"skipped","time":{"start":1721146071964,"stop":1721146071965,"duration":1}},{"uid":"80e329d84a2cce00","status":"broken","statusDetails":"Test timeout of 30000ms exceeded.","time":{"start":1721136583264,"stop":1721136619008,"duration":35744}},{"uid":"c72b79b64e54b128","status":"failed","statusDetails":"Error: locator.click: DOMException: Failed to execute 'evaluate' on 'Document': The string '///*[@id='app']/div[1]/div[1]/div[2]/div[2]/div[1]/div[1]/div[2]/form[1]/div[1]/div[1]/div[6]/div[1]/div[2]/div[1]/div[1]/div[1]' is not a valid XPath expression.\n    at Object.queryAll (<anonymous>:41:25)\n    at InjectedScript._queryEngineAll (<anonymous>:5028:49)\n    at InjectedScript.querySelectorAll (<anonymous>:5015:30)\n    at eval (eval at evaluate (:226:30), <anonymous>:4:35)\n    at UtilityScript.evaluate (<anonymous>:228:17)\n    at UtilityScript.<anonymous> (<anonymous>:1:44)\nCall log:\n  - waiting for locator('///*[@id=\\'app\\']/div[1]/div[1]/div[2]/div[2]/div[1]/div[1]/div[2]/form[1]/div[1]/div[1]/div[6]/div[1]/div[2]/div[1]/div[1]/div[1]')\n","time":{"start":1721059384034,"stop":1721059415578,"duration":31544}},{"uid":"67206e3995ef7e9e","status":"failed","statusDetails":"Error: locator.click: DOMException: Failed to execute 'evaluate' on 'Document': The string '///*[@id='app']/div[1]/div[1]/div[2]/div[2]/div[1]/div[1]/div[2]/form[1]/div[1]/div[1]/div[6]/div[1]/div[2]/div[1]/div[1]/div[1]' is not a valid XPath expression.\n    at Object.queryAll (<anonymous>:41:25)\n    at InjectedScript._queryEngineAll (<anonymous>:5028:49)\n    at InjectedScript.querySelectorAll (<anonymous>:5015:30)\n    at eval (eval at evaluate (:226:30), <anonymous>:4:35)\n    at UtilityScript.evaluate (<anonymous>:228:17)\n    at UtilityScript.<anonymous> (<anonymous>:1:44)\nCall log:\n  - waiting for locator('///*[@id=\\'app\\']/div[1]/div[1]/div[2]/div[2]/div[1]/div[1]/div[2]/form[1]/div[1]/div[1]/div[6]/div[1]/div[2]/div[1]/div[1]/div[1]')\n","time":{"start":1721058066426,"stop":1721058095658,"duration":29232}},{"uid":"84e4993ad97104c","status":"failed","statusDetails":"Error: locator.click: DOMException: Failed to execute 'evaluate' on 'Document': The string '///*[@id='app']/div[1]/div[1]/div[2]/div[2]/div[1]/div[1]/div[2]/form[1]/div[1]/div[1]/div[6]/div[1]/div[2]/div[1]/div[1]/div[1]' is not a valid XPath expression.\n    at Object.queryAll (<anonymous>:41:25)\n    at InjectedScript._queryEngineAll (<anonymous>:5028:49)\n    at InjectedScript.querySelectorAll (<anonymous>:5015:30)\n    at eval (eval at evaluate (:226:30), <anonymous>:4:35)\n    at UtilityScript.evaluate (<anonymous>:228:17)\n    at UtilityScript.<anonymous> (<anonymous>:1:44)\nCall log:\n  - waiting for locator('///*[@id=\\'app\\']/div[1]/div[1]/div[2]/div[2]/div[1]/div[1]/div[2]/form[1]/div[1]/div[1]/div[6]/div[1]/div[2]/div[1]/div[1]/div[1]')\n","time":{"start":1719408067239,"stop":1719408098592,"duration":31353}},{"uid":"690507dd2891b5fd","status":"broken","statusDetails":"Test timeout of 30000ms exceeded.","time":{"start":1717668474863,"stop":1717668511670,"duration":36807}},{"uid":"cf61e588e246fa73","status":"broken","statusDetails":"Test timeout of 30000ms exceeded.","time":{"start":1717662805264,"stop":1717662842370,"duration":37106}},{"uid":"63600f4525c916ef","status":"broken","statusDetails":"Test timeout of 30000ms exceeded.","time":{"start":1717662704008,"stop":1717662740178,"duration":36170}},{"uid":"8d90fc9d710beca9","status":"broken","statusDetails":"Test timeout of 30000ms exceeded.","time":{"start":1717662522812,"stop":1717662559322,"duration":36510}},{"uid":"88505b10e16e9d00","status":"broken","statusDetails":"Test timeout of 30000ms exceeded.","time":{"start":1717662438243,"stop":1717662477511,"duration":39268}},{"uid":"9205134ea6541399","status":"broken","statusDetails":"Test timeout of 30000ms exceeded.","time":{"start":1717661644862,"stop":1717661684136,"duration":39274}},{"uid":"1028df238f437638","status":"broken","statusDetails":"Test timeout of 30000ms exceeded.","time":{"start":1717661589588,"stop":1717661627396,"duration":37808}},{"uid":"c01ec6985ec04da5","status":"broken","statusDetails":"Test timeout of 30000ms exceeded.","time":{"start":1717661483128,"stop":1717661514568,"duration":31440}},{"uid":"cf62ac6ce55e543","status":"skipped","time":{"start":1717661475724,"stop":1717661475728,"duration":4}},{"uid":"f24e150d0ee98504","status":"failed","statusDetails":"ReferenceError: ac is not defined","time":{"start":1717661440635,"stop":1717661453309,"duration":12674}},{"uid":"6ff83c51e1fd9b89","status":"failed","statusDetails":"Error: locator.click: Unexpected token \"/\" while parsing selector \"/html[1]/body[1]/div[1]/div[1]/div[2]/div[2]/div[1]/div[1]/div[2]/form[1]/div[1]/div[1]/div[6]/div[1]/div[2]/div[1]/div[1]/div[1]\"\nCall log:\n  - waiting for /html[1]/body[1]/div[1]/div[1]/div[2]/div[2]/div[1]/div[1]/div[2]/form[1]/div[1]/div[1]/div[6]/div[1]/div[2]/div[1]/div[1]/div[1]\n","time":{"start":1717661353347,"stop":1717661382192,"duration":28845}},{"uid":"2ebcff57a724eff7","status":"failed","statusDetails":"Error: locator.click: Unexpected token \"/\" while parsing selector \"/html[1]/body[1]/div[1]/div[1]/div[2]/div[2]/div[1]/div[1]/div[2]/form[1]/div[1]/div[1]/div[6]/div[1]/div[2]/div[1]/div[1]/div[1]\"\nCall log:\n  - waiting for /html[1]/body[1]/div[1]/div[1]/div[2]/div[2]/div[1]/div[1]/div[2]/form[1]/div[1]/div[1]/div[6]/div[1]/div[2]/div[1]/div[1]/div[1]\n","time":{"start":1717661287301,"stop":1717661301851,"duration":14550}},{"uid":"8247a4cef85cc31c","status":"failed","statusDetails":"Error: locator.click: Unexpected token \"/\" while parsing selector \"/html[1]/body[1]/div[1]/div[1]/div[2]/div[2]/div[1]/div[1]/div[2]/form[1]/div[1]/div[1]/div[6]/div[1]/div[2]/div[1]/div[1]/div[1]\"\nCall log:\n  - waiting for /html[1]/body[1]/div[1]/div[1]/div[2]/div[2]/div[1]/div[1]/div[2]/form[1]/div[1]/div[1]/div[6]/div[1]/div[2]/div[1]/div[1]/div[1]\n","time":{"start":1717661106123,"stop":1717661126901,"duration":20778}},{"uid":"46728c52337d3971","status":"passed","time":{"start":1717661036002,"stop":1717661053876,"duration":17874}},{"uid":"57a88fe96bdffc0b","status":"passed","time":{"start":1717660917060,"stop":1717660935398,"duration":18338}},{"uid":"1ace55e14978f8d","status":"failed","statusDetails":"Error: page.$$: DOMException: Failed to execute 'evaluate' on 'Document': The string '//div[#role='listbox']//span' is not a valid XPath expression.\n    at Object.queryAll (<anonymous>:41:25)\n    at InjectedScript._queryEngineAll (<anonymous>:5028:49)\n    at InjectedScript.querySelectorAll (<anonymous>:5015:30)\n    at eval (eval at evaluate (:226:30), <anonymous>:5:23)\n    at UtilityScript.evaluate (<anonymous>:228:17)\n    at UtilityScript.<anonymous> (<anonymous>:1:44)","time":{"start":1717660799150,"stop":1717660818721,"duration":19571}},{"uid":"128c9c4163468eb0","status":"skipped","time":{"start":1717660783799,"stop":1717660783801,"duration":2}}],"categories":[],"tags":[]},"source":"4d7b144feeb87602.json","parameterValues":["chromium"]}